cl : command line warning D9035: option 'Gm' has been deprecated and will be removed in a future release
  TrainingFramework.cpp
  KeyBoard.cpp
  GSPlay.cpp
C:\Users\E7490\Documents\GitHub\GameloftGameC\TrainingFramework\src\GameStates\GSPlay.cpp(60,109): warning C4244: 'argument': conversion from 'int' to 'GLfloat', possible loss of data
C:\Users\E7490\Documents\GitHub\GameloftGameC\TrainingFramework\src\GameStates\GSPlay.cpp(61,126): warning C4244: 'argument': conversion from 'int' to 'GLfloat', possible loss of data
C:\Users\E7490\Documents\GitHub\GameloftGameC\TrainingFramework\src\GameStates\GSPlay.cpp(61,108): warning C4244: 'argument': conversion from 'int' to 'GLfloat', possible loss of data
C:\Users\E7490\Documents\GitHub\GameloftGameC\TrainingFramework\src\GameStates\GSPlay.cpp(62,125): warning C4244: 'argument': conversion from 'int' to 'GLfloat', possible loss of data
C:\Users\E7490\Documents\GitHub\GameloftGameC\TrainingFramework\src\GameStates\GSPlay.cpp(62,107): warning C4244: 'argument': conversion from 'int' to 'GLfloat', possible loss of data
C:\Users\E7490\Documents\GitHub\GameloftGameC\TrainingFramework\src\GameStates\GSPlay.cpp(63,123): warning C4244: 'argument': conversion from 'int' to 'GLfloat', possible loss of data
C:\Users\E7490\Documents\GitHub\GameloftGameC\TrainingFramework\src\GameStates\GSPlay.cpp(63,105): warning C4244: 'argument': conversion from 'int' to 'GLfloat', possible loss of data
C:\Users\E7490\Documents\GitHub\GameloftGameC\TrainingFramework\src\GameStates\GSPlay.cpp(64,119): warning C4244: 'argument': conversion from 'int' to 'GLfloat', possible loss of data
C:\Users\E7490\Documents\GitHub\GameloftGameC\TrainingFramework\src\GameStates\GSPlay.cpp(64,101): warning C4244: 'argument': conversion from 'int' to 'GLfloat', possible loss of data
C:\Users\E7490\Documents\GitHub\GameloftGameC\TrainingFramework\src\GameStates\GSPlay.cpp(65,120): warning C4244: 'argument': conversion from 'int' to 'GLfloat', possible loss of data
C:\Users\E7490\Documents\GitHub\GameloftGameC\TrainingFramework\src\GameStates\GSPlay.cpp(65,102): warning C4244: 'argument': conversion from 'int' to 'GLfloat', possible loss of data
C:\Users\E7490\Documents\GitHub\GameloftGameC\TrainingFramework\src\GameStates\GSPlay.cpp(66,120): warning C4244: 'argument': conversion from 'int' to 'GLfloat', possible loss of data
C:\Users\E7490\Documents\GitHub\GameloftGameC\TrainingFramework\src\GameStates\GSPlay.cpp(66,102): warning C4244: 'argument': conversion from 'int' to 'GLfloat', possible loss of data
C:\Users\E7490\Documents\GitHub\GameloftGameC\TrainingFramework\src\GameStates\GSPlay.cpp(68,64): warning C4244: 'argument': conversion from 'int' to 'GLfloat', possible loss of data
C:\Users\E7490\Documents\GitHub\GameloftGameC\TrainingFramework\src\GameStates\GSPlay.cpp(68,42): warning C4244: 'argument': conversion from 'int' to 'GLfloat', possible loss of data
C:\Users\E7490\Documents\GitHub\GameloftGameC\TrainingFramework\src\GameStates\GSPlay.cpp(79,46): warning C4244: 'argument': conversion from 'int' to 'GLfloat', possible loss of data
C:\Program Files (x86)\Microsoft Visual Studio\2019\Professional\VC\Tools\MSVC\14.24.28314\include\xmemory(204,33): warning C4244: 'argument': conversion from '_Ty' to 'float', possible loss of data
          with
          [
              _Ty=double
          ]
C:\Program Files (x86)\Microsoft Visual Studio\2019\Professional\VC\Tools\MSVC\14.24.28314\include\memory(1491): message : see reference to function template instantiation 'void std::_Construct_in_place<_Ty,std::shared_ptr<Shaders>&,std::shared_ptr<Font>&,const char(&)[10],TEXT_COLOR,double>(_Ty &,std::shared_ptr<Shaders> &,std::shared_ptr<Font> &,const char (&)[10],TEXT_COLOR &&,double &&) noexcept(false)' being compiled
          with
          [
              _Ty=Text
          ]
C:\Program Files (x86)\Microsoft Visual Studio\2019\Professional\VC\Tools\MSVC\14.24.28314\include\memory(1591): message : see reference to function template instantiation 'std::_Ref_count_obj2<_Ty>::_Ref_count_obj2<std::shared_ptr<Shaders>&,std::shared_ptr<Font>&,const char(&)[10],TEXT_COLOR,double>(std::shared_ptr<Shaders> &,std::shared_ptr<Font> &,const char (&)[10],TEXT_COLOR &&,double &&)' being compiled
          with
          [
              _Ty=Text
          ]
C:\Program Files (x86)\Microsoft Visual Studio\2019\Professional\VC\Tools\MSVC\14.24.28314\include\memory(1591): message : see reference to function template instantiation 'std::_Ref_count_obj2<_Ty>::_Ref_count_obj2<std::shared_ptr<Shaders>&,std::shared_ptr<Font>&,const char(&)[10],TEXT_COLOR,double>(std::shared_ptr<Shaders> &,std::shared_ptr<Font> &,const char (&)[10],TEXT_COLOR &&,double &&)' being compiled
          with
          [
              _Ty=Text
          ]
C:\Users\E7490\Documents\GitHub\GameloftGameC\TrainingFramework\src\GameStates\GSPlay.cpp(56): message : see reference to function template instantiation 'std::shared_ptr<Text> std::make_shared<Text,std::shared_ptr<Shaders>&,std::shared_ptr<Font>&,const char(&)[10],TEXT_COLOR,double>(std::shared_ptr<Shaders> &,std::shared_ptr<Font> &,const char (&)[10],TEXT_COLOR &&,double &&)' being compiled
  GSOption.cpp
C:\Users\E7490\Documents\GitHub\GameloftGameC\TrainingFramework\src\GameStates\GSOption.cpp(23,60): warning C4244: 'argument': conversion from 'int' to 'GLfloat', possible loss of data
C:\Users\E7490\Documents\GitHub\GameloftGameC\TrainingFramework\src\GameStates\GSOption.cpp(23,42): warning C4244: 'argument': conversion from 'int' to 'GLfloat', possible loss of data
C:\Users\E7490\Documents\GitHub\GameloftGameC\TrainingFramework\src\GameStates\GSOption.cpp(29,36): warning C4244: 'argument': conversion from 'int' to 'GLfloat', possible loss of data
C:\Users\E7490\Documents\GitHub\GameloftGameC\TrainingFramework\src\GameStates\GSOption.cpp(40,61): warning C4244: 'argument': conversion from 'int' to 'GLfloat', possible loss of data
C:\Users\E7490\Documents\GitHub\GameloftGameC\TrainingFramework\src\GameStates\GSOption.cpp(40,38): warning C4244: 'argument': conversion from 'int' to 'GLfloat', possible loss of data
C:\Program Files (x86)\Microsoft Visual Studio\2019\Professional\VC\Tools\MSVC\14.24.28314\include\xmemory(204,33): warning C4244: 'argument': conversion from '_Ty' to 'float', possible loss of data
          with
          [
              _Ty=double
          ]
C:\Program Files (x86)\Microsoft Visual Studio\2019\Professional\VC\Tools\MSVC\14.24.28314\include\memory(1491): message : see reference to function template instantiation 'void std::_Construct_in_place<_Ty,std::shared_ptr<Shaders>&,std::shared_ptr<Font>&,const char(&)[7],TEXT_COLOR,double>(_Ty &,std::shared_ptr<Shaders> &,std::shared_ptr<Font> &,const char (&)[7],TEXT_COLOR &&,double &&) noexcept(false)' being compiled
          with
          [
              _Ty=Text
          ]
C:\Program Files (x86)\Microsoft Visual Studio\2019\Professional\VC\Tools\MSVC\14.24.28314\include\memory(1591): message : see reference to function template instantiation 'std::_Ref_count_obj2<_Ty>::_Ref_count_obj2<std::shared_ptr<Shaders>&,std::shared_ptr<Font>&,const char(&)[7],TEXT_COLOR,double>(std::shared_ptr<Shaders> &,std::shared_ptr<Font> &,const char (&)[7],TEXT_COLOR &&,double &&)' being compiled
          with
          [
              _Ty=Text
          ]
C:\Program Files (x86)\Microsoft Visual Studio\2019\Professional\VC\Tools\MSVC\14.24.28314\include\memory(1591): message : see reference to function template instantiation 'std::_Ref_count_obj2<_Ty>::_Ref_count_obj2<std::shared_ptr<Shaders>&,std::shared_ptr<Font>&,const char(&)[7],TEXT_COLOR,double>(std::shared_ptr<Shaders> &,std::shared_ptr<Font> &,const char (&)[7],TEXT_COLOR &&,double &&)' being compiled
          with
          [
              _Ty=Text
          ]
C:\Users\E7490\Documents\GitHub\GameloftGameC\TrainingFramework\src\GameStates\GSOption.cpp(39): message : see reference to function template instantiation 'std::shared_ptr<Text> std::make_shared<Text,std::shared_ptr<Shaders>&,std::shared_ptr<Font>&,const char(&)[7],TEXT_COLOR,double>(std::shared_ptr<Shaders> &,std::shared_ptr<Font> &,const char (&)[7],TEXT_COLOR &&,double &&)' being compiled
  GSMenu.cpp
C:\Users\E7490\Documents\GitHub\GameloftGameC\TrainingFramework\src\GameStates\GSMenu.cpp(26,60): warning C4244: 'argument': conversion from 'int' to 'GLfloat', possible loss of data
C:\Users\E7490\Documents\GitHub\GameloftGameC\TrainingFramework\src\GameStates\GSMenu.cpp(26,42): warning C4244: 'argument': conversion from 'int' to 'GLfloat', possible loss of data
C:\Users\E7490\Documents\GitHub\GameloftGameC\TrainingFramework\src\GameStates\GSMenu.cpp(46,54): warning C4244: 'argument': conversion from 'double' to 'GLfloat', possible loss of data
C:\Users\E7490\Documents\GitHub\GameloftGameC\TrainingFramework\src\GameStates\GSMenu.cpp(46,33): warning C4244: 'argument': conversion from 'int' to 'GLfloat', possible loss of data
C:\Users\E7490\Documents\GitHub\GameloftGameC\TrainingFramework\src\GameStates\GSMenu.cpp(47,40): warning C4244: 'argument': conversion from 'double' to 'GLint', possible loss of data
C:\Users\E7490\Documents\GitHub\GameloftGameC\TrainingFramework\src\GameStates\GSMenu.cpp(54,54): warning C4244: 'argument': conversion from 'double' to 'GLfloat', possible loss of data
C:\Users\E7490\Documents\GitHub\GameloftGameC\TrainingFramework\src\GameStates\GSMenu.cpp(54,32): warning C4244: 'argument': conversion from 'int' to 'GLfloat', possible loss of data
C:\Users\E7490\Documents\GitHub\GameloftGameC\TrainingFramework\src\GameStates\GSMenu.cpp(55,40): warning C4244: 'argument': conversion from 'double' to 'GLint', possible loss of data
C:\Users\E7490\Documents\GitHub\GameloftGameC\TrainingFramework\src\GameStates\GSMenu.cpp(64,54): warning C4244: 'argument': conversion from 'int' to 'GLfloat', possible loss of data
C:\Users\E7490\Documents\GitHub\GameloftGameC\TrainingFramework\src\GameStates\GSMenu.cpp(64,35): warning C4244: 'argument': conversion from 'int' to 'GLfloat', possible loss of data
C:\Users\E7490\Documents\GitHub\GameloftGameC\TrainingFramework\src\GameStates\GSMenu.cpp(75,57): warning C4244: 'argument': conversion from 'int' to 'GLfloat', possible loss of data
C:\Users\E7490\Documents\GitHub\GameloftGameC\TrainingFramework\src\GameStates\GSMenu.cpp(75,24): warning C4244: 'argument': conversion from 'int' to 'GLfloat', possible loss of data
C:\Users\E7490\Documents\GitHub\GameloftGameC\TrainingFramework\src\GameStates\GSMenu.cpp(86,57): warning C4244: 'argument': conversion from 'int' to 'GLfloat', possible loss of data
C:\Users\E7490\Documents\GitHub\GameloftGameC\TrainingFramework\src\GameStates\GSMenu.cpp(86,24): warning C4244: 'argument': conversion from 'int' to 'GLfloat', possible loss of data
C:\Users\E7490\Documents\GitHub\GameloftGameC\TrainingFramework\src\GameStates\GSMenu.cpp(97,57): warning C4244: 'argument': conversion from 'int' to 'GLfloat', possible loss of data
C:\Users\E7490\Documents\GitHub\GameloftGameC\TrainingFramework\src\GameStates\GSMenu.cpp(97,24): warning C4244: 'argument': conversion from 'int' to 'GLfloat', possible loss of data
C:\Users\E7490\Documents\GitHub\GameloftGameC\TrainingFramework\src\GameStates\GSMenu.cpp(108,57): warning C4244: 'argument': conversion from 'int' to 'GLfloat', possible loss of data
C:\Users\E7490\Documents\GitHub\GameloftGameC\TrainingFramework\src\GameStates\GSMenu.cpp(108,24): warning C4244: 'argument': conversion from 'int' to 'GLfloat', possible loss of data
C:\Users\E7490\Documents\GitHub\GameloftGameC\TrainingFramework\src\GameStates\GSMenu.cpp(121,53): warning C4244: 'argument': conversion from 'int' to 'GLfloat', possible loss of data
C:\Users\E7490\Documents\GitHub\GameloftGameC\TrainingFramework\src\GameStates\GSMenu.cpp(127,46): warning C4244: 'argument': conversion from 'int' to 'GLfloat', possible loss of data
C:\Users\E7490\Documents\GitHub\GameloftGameC\TrainingFramework\src\GameStates\GSMenu.cpp(134,57): warning C4244: 'argument': conversion from 'int' to 'GLfloat', possible loss of data
C:\Users\E7490\Documents\GitHub\GameloftGameC\TrainingFramework\src\GameStates\GSMenu.cpp(134,36): warning C4244: 'argument': conversion from 'int' to 'GLfloat', possible loss of data
C:\Program Files (x86)\Microsoft Visual Studio\2019\Professional\VC\Tools\MSVC\14.24.28314\include\xmemory(204,33): warning C4244: 'argument': conversion from '_Ty' to 'float', possible loss of data
          with
          [
              _Ty=double
          ]
C:\Program Files (x86)\Microsoft Visual Studio\2019\Professional\VC\Tools\MSVC\14.24.28314\include\memory(1491): message : see reference to function template instantiation 'void std::_Construct_in_place<_Ty,std::shared_ptr<Shaders>&,std::shared_ptr<Font>&,const char(&)[15],TEXT_COLOR,double>(_Ty &,std::shared_ptr<Shaders> &,std::shared_ptr<Font> &,const char (&)[15],TEXT_COLOR &&,double &&) noexcept(false)' being compiled
          with
          [
              _Ty=Text
          ]
C:\Program Files (x86)\Microsoft Visual Studio\2019\Professional\VC\Tools\MSVC\14.24.28314\include\memory(1591): message : see reference to function template instantiation 'std::_Ref_count_obj2<_Ty>::_Ref_count_obj2<std::shared_ptr<Shaders>&,std::shared_ptr<Font>&,const char(&)[15],TEXT_COLOR,double>(std::shared_ptr<Shaders> &,std::shared_ptr<Font> &,const char (&)[15],TEXT_COLOR &&,double &&)' being compiled
          with
          [
              _Ty=Text
          ]
C:\Program Files (x86)\Microsoft Visual Studio\2019\Professional\VC\Tools\MSVC\14.24.28314\include\memory(1591): message : see reference to function template instantiation 'std::_Ref_count_obj2<_Ty>::_Ref_count_obj2<std::shared_ptr<Shaders>&,std::shared_ptr<Font>&,const char(&)[15],TEXT_COLOR,double>(std::shared_ptr<Shaders> &,std::shared_ptr<Font> &,const char (&)[15],TEXT_COLOR &&,double &&)' being compiled
          with
          [
              _Ty=Text
          ]
C:\Users\E7490\Documents\GitHub\GameloftGameC\TrainingFramework\src\GameStates\GSMenu.cpp(120): message : see reference to function template instantiation 'std::shared_ptr<Text> std::make_shared<Text,std::shared_ptr<Shaders>&,std::shared_ptr<Font>&,const char(&)[15],TEXT_COLOR,double>(std::shared_ptr<Shaders> &,std::shared_ptr<Font> &,const char (&)[15],TEXT_COLOR &&,double &&)' being compiled
  GSIntro.cpp
C:\Users\E7490\Documents\GitHub\GameloftGameC\TrainingFramework\src\GameStates\GSIntro.cpp(25,56): warning C4244: 'argument': conversion from 'int' to 'GLfloat', possible loss of data
C:\Users\E7490\Documents\GitHub\GameloftGameC\TrainingFramework\src\GameStates\GSIntro.cpp(25,35): warning C4244: 'argument': conversion from 'int' to 'GLfloat', possible loss of data
C:\Users\E7490\Documents\GitHub\GameloftGameC\TrainingFramework\src\GameStates\GSIntro.cpp(32,53): warning C4244: 'argument': conversion from 'int' to 'GLfloat', possible loss of data
C:\Users\E7490\Documents\GitHub\GameloftGameC\TrainingFramework\src\GameStates\GSIntro.cpp(32,35): warning C4244: 'argument': conversion from 'int' to 'GLfloat', possible loss of data
  GSHighScore.cpp
C:\Users\E7490\Documents\GitHub\GameloftGameC\TrainingFramework\src\GameStates\GSHighScore.cpp(23,60): warning C4244: 'argument': conversion from 'int' to 'GLfloat', possible loss of data
C:\Users\E7490\Documents\GitHub\GameloftGameC\TrainingFramework\src\GameStates\GSHighScore.cpp(23,42): warning C4244: 'argument': conversion from 'int' to 'GLfloat', possible loss of data
C:\Users\E7490\Documents\GitHub\GameloftGameC\TrainingFramework\src\GameStates\GSHighScore.cpp(29,36): warning C4244: 'argument': conversion from 'int' to 'GLfloat', possible loss of data
C:\Users\E7490\Documents\GitHub\GameloftGameC\TrainingFramework\src\GameStates\GSHighScore.cpp(39,51): warning C4244: 'argument': conversion from 'int' to 'GLfloat', possible loss of data
C:\Users\E7490\Documents\GitHub\GameloftGameC\TrainingFramework\src\GameStates\GSHighScore.cpp(39,35): warning C4244: 'argument': conversion from 'int' to 'GLfloat', possible loss of data
C:\Users\E7490\Documents\GitHub\GameloftGameC\TrainingFramework\src\GameStates\GSHighScore.cpp(53,58): warning C4244: 'argument': conversion from 'int' to 'GLfloat', possible loss of data
C:\Users\E7490\Documents\GitHub\GameloftGameC\TrainingFramework\src\GameStates\GSHighScore.cpp(53,37): warning C4244: 'argument': conversion from 'int' to 'GLfloat', possible loss of data
C:\Users\E7490\Documents\GitHub\GameloftGameC\TrainingFramework\src\GameStates\GSHighScore.cpp(63,66): warning C4244: 'argument': conversion from 'int' to 'GLfloat', possible loss of data
C:\Users\E7490\Documents\GitHub\GameloftGameC\TrainingFramework\src\GameStates\GSHighScore.cpp(63,39): warning C4244: 'argument': conversion from 'int' to 'GLfloat', possible loss of data
C:\Program Files (x86)\Microsoft Visual Studio\2019\Professional\VC\Tools\MSVC\14.24.28314\include\xmemory(204,33): warning C4244: 'argument': conversion from '_Ty' to 'float', possible loss of data
          with
          [
              _Ty=double
          ]
C:\Program Files (x86)\Microsoft Visual Studio\2019\Professional\VC\Tools\MSVC\14.24.28314\include\memory(1491): message : see reference to function template instantiation 'void std::_Construct_in_place<_Ty,std::shared_ptr<Shaders>&,std::shared_ptr<Font>&,const char(&)[11],TEXT_COLOR,double>(_Ty &,std::shared_ptr<Shaders> &,std::shared_ptr<Font> &,const char (&)[11],TEXT_COLOR &&,double &&) noexcept(false)' being compiled
          with
          [
              _Ty=Text
          ]
C:\Program Files (x86)\Microsoft Visual Studio\2019\Professional\VC\Tools\MSVC\14.24.28314\include\memory(1591): message : see reference to function template instantiation 'std::_Ref_count_obj2<_Ty>::_Ref_count_obj2<std::shared_ptr<Shaders>&,std::shared_ptr<Font>&,const char(&)[11],TEXT_COLOR,double>(std::shared_ptr<Shaders> &,std::shared_ptr<Font> &,const char (&)[11],TEXT_COLOR &&,double &&)' being compiled
          with
          [
              _Ty=Text
          ]
C:\Program Files (x86)\Microsoft Visual Studio\2019\Professional\VC\Tools\MSVC\14.24.28314\include\memory(1591): message : see reference to function template instantiation 'std::_Ref_count_obj2<_Ty>::_Ref_count_obj2<std::shared_ptr<Shaders>&,std::shared_ptr<Font>&,const char(&)[11],TEXT_COLOR,double>(std::shared_ptr<Shaders> &,std::shared_ptr<Font> &,const char (&)[11],TEXT_COLOR &&,double &&)' being compiled
          with
          [
              _Ty=Text
          ]
C:\Users\E7490\Documents\GitHub\GameloftGameC\TrainingFramework\src\GameStates\GSHighScore.cpp(52): message : see reference to function template instantiation 'std::shared_ptr<Text> std::make_shared<Text,std::shared_ptr<Shaders>&,std::shared_ptr<Font>&,const char(&)[11],TEXT_COLOR,double>(std::shared_ptr<Shaders> &,std::shared_ptr<Font> &,const char (&)[11],TEXT_COLOR &&,double &&)' being compiled
  GSCredit.cpp
C:\Users\E7490\Documents\GitHub\GameloftGameC\TrainingFramework\src\GameStates\GSCredit.cpp(23,60): warning C4244: 'argument': conversion from 'int' to 'GLfloat', possible loss of data
C:\Users\E7490\Documents\GitHub\GameloftGameC\TrainingFramework\src\GameStates\GSCredit.cpp(23,42): warning C4244: 'argument': conversion from 'int' to 'GLfloat', possible loss of data
C:\Users\E7490\Documents\GitHub\GameloftGameC\TrainingFramework\src\GameStates\GSCredit.cpp(30,57): warning C4244: 'argument': conversion from 'int' to 'GLfloat', possible loss of data
C:\Users\E7490\Documents\GitHub\GameloftGameC\TrainingFramework\src\GameStates\GSCredit.cpp(30,35): warning C4244: 'argument': conversion from 'int' to 'GLfloat', possible loss of data
C:\Users\E7490\Documents\GitHub\GameloftGameC\TrainingFramework\src\GameStates\GSCredit.cpp(37,53): warning C4244: 'argument': conversion from 'int' to 'GLfloat', possible loss of data
C:\Users\E7490\Documents\GitHub\GameloftGameC\TrainingFramework\src\GameStates\GSCredit.cpp(37,35): warning C4244: 'argument': conversion from 'int' to 'GLfloat', possible loss of data
C:\Users\E7490\Documents\GitHub\GameloftGameC\TrainingFramework\src\GameStates\GSCredit.cpp(44,36): warning C4244: 'argument': conversion from 'int' to 'GLfloat', possible loss of data
C:\Users\E7490\Documents\GitHub\GameloftGameC\TrainingFramework\src\GameStates\GSCredit.cpp(55,75): warning C4244: 'argument': conversion from 'int' to 'GLfloat', possible loss of data
C:\Users\E7490\Documents\GitHub\GameloftGameC\TrainingFramework\src\GameStates\GSCredit.cpp(55,54): warning C4244: 'argument': conversion from 'int' to 'GLfloat', possible loss of data
C:\Program Files (x86)\Microsoft Visual Studio\2019\Professional\VC\Tools\MSVC\14.24.28314\include\xmemory(204,33): warning C4244: 'argument': conversion from '_Ty' to 'float', possible loss of data
          with
          [
              _Ty=double
          ]
C:\Program Files (x86)\Microsoft Visual Studio\2019\Professional\VC\Tools\MSVC\14.24.28314\include\memory(1491): message : see reference to function template instantiation 'void std::_Construct_in_place<_Ty,std::shared_ptr<Shaders>&,std::shared_ptr<Font>&,const char(&)[21],TEXT_COLOR,double>(_Ty &,std::shared_ptr<Shaders> &,std::shared_ptr<Font> &,const char (&)[21],TEXT_COLOR &&,double &&) noexcept(false)' being compiled
          with
          [
              _Ty=Text
          ]
C:\Program Files (x86)\Microsoft Visual Studio\2019\Professional\VC\Tools\MSVC\14.24.28314\include\memory(1591): message : see reference to function template instantiation 'std::_Ref_count_obj2<_Ty>::_Ref_count_obj2<std::shared_ptr<Shaders>&,std::shared_ptr<Font>&,const char(&)[21],TEXT_COLOR,double>(std::shared_ptr<Shaders> &,std::shared_ptr<Font> &,const char (&)[21],TEXT_COLOR &&,double &&)' being compiled
          with
          [
              _Ty=Text
          ]
C:\Program Files (x86)\Microsoft Visual Studio\2019\Professional\VC\Tools\MSVC\14.24.28314\include\memory(1591): message : see reference to function template instantiation 'std::_Ref_count_obj2<_Ty>::_Ref_count_obj2<std::shared_ptr<Shaders>&,std::shared_ptr<Font>&,const char(&)[21],TEXT_COLOR,double>(std::shared_ptr<Shaders> &,std::shared_ptr<Font> &,const char (&)[21],TEXT_COLOR &&,double &&)' being compiled
          with
          [
              _Ty=Text
          ]
C:\Users\E7490\Documents\GitHub\GameloftGameC\TrainingFramework\src\GameStates\GSCredit.cpp(54): message : see reference to function template instantiation 'std::shared_ptr<Text> std::make_shared<Text,std::shared_ptr<Shaders>&,std::shared_ptr<Font>&,const char(&)[21],TEXT_COLOR,double>(std::shared_ptr<Shaders> &,std::shared_ptr<Font> &,const char (&)[21],TEXT_COLOR &&,double &&)' being compiled
  GameStateMachine.cpp
  GameStatebase.cpp
  Texture.cpp
  Text.cpp
C:\Users\E7490\Documents\GitHub\GameloftGameC\TrainingFramework\src\GameObject\Text.cpp(24,11): warning C4244: 'initializing': conversion from 'double' to 'float', possible loss of data
C:\Users\E7490\Documents\GitHub\GameloftGameC\TrainingFramework\src\GameObject\Text.cpp(25,11): warning C4244: 'initializing': conversion from 'double' to 'float', possible loss of data
C:\Users\E7490\Documents\GitHub\GameloftGameC\TrainingFramework\src\GameObject\Text.cpp(171,11): warning C4244: 'initializing': conversion from 'double' to 'float', possible loss of data
C:\Users\E7490\Documents\GitHub\GameloftGameC\TrainingFramework\src\GameObject\Text.cpp(172,11): warning C4244: 'initializing': conversion from 'double' to 'float', possible loss of data
C:\Users\E7490\Documents\GitHub\GameloftGameC\TrainingFramework\src\GameObject\Text.cpp(182,11): warning C4244: 'initializing': conversion from 'double' to 'float', possible loss of data
C:\Users\E7490\Documents\GitHub\GameloftGameC\TrainingFramework\src\GameObject\Text.cpp(183,11): warning C4244: 'initializing': conversion from 'double' to 'float', possible loss of data
  Shaders.cpp
C:\Users\E7490\Documents\GitHub\GameloftGameC\TrainingFramework\src\GameObject\Shaders.cpp(21,2): warning C4477: 'printf' : format string '%s' requires an argument of type 'char *', but variadic argument 1 has type 'const std::string'
C:\Users\E7490\Documents\GitHub\GameloftGameC\TrainingFramework\src\GameObject\Shaders.cpp(21,2): warning C4477: 'printf' : format string '%s' requires an argument of type 'char *', but variadic argument 2 has type 'const std::string'
C:\Users\E7490\Documents\GitHub\GameloftGameC\TrainingFramework\src\GameObject\Shaders.cpp(25,3): warning C4477: 'printf' : format string '%s' requires an argument of type 'char *', but variadic argument 1 has type 'const std::string'
C:\Users\E7490\Documents\GitHub\GameloftGameC\TrainingFramework\src\GameObject\Shaders.cpp(32,3): warning C4477: 'printf' : format string '%s' requires an argument of type 'char *', but variadic argument 1 has type 'const std::string'
C:\Users\E7490\Documents\GitHub\GameloftGameC\TrainingFramework\src\GameObject\Shaders.cpp(44,2): warning C4477: 'printf' : format string '%s' requires an argument of type 'char *', but variadic argument 1 has type 'const std::string'
C:\Users\E7490\Documents\GitHub\GameloftGameC\TrainingFramework\src\GameObject\Shaders.cpp(44,2): warning C4477: 'printf' : format string '%s' requires an argument of type 'char *', but variadic argument 2 has type 'const std::string'
  Models.cpp
C:\Users\E7490\Documents\GitHub\GameloftGameC\TrainingFramework\src\GameObject\Models.cpp(10,3): warning C4477: 'printf' : format string '%s' requires an argument of type 'char *', but variadic argument 1 has type 'const std::string'
C:\Users\E7490\Documents\GitHub\GameloftGameC\TrainingFramework\src\GameObject\Models.cpp(13,2): warning C4477: 'printf' : format string '%s' requires an argument of type 'char *', but variadic argument 1 has type 'const std::string'
C:\Users\E7490\Documents\GitHub\GameloftGameC\TrainingFramework\src\GameObject\Models.cpp(25,18): warning C4244: 'initializing': conversion from 'std::streamoff' to 'size_t', possible loss of data
C:\Users\E7490\Documents\GitHub\GameloftGameC\TrainingFramework\src\GameObject\Models.cpp(35,1): warning C4996: 'sscanf': This function or variable may be unsafe. Consider using sscanf_s instead. To disable deprecation, use _CRT_SECURE_NO_WARNINGS. See online help for details.
C:\Program Files (x86)\Windows Kits\10\Include\10.0.18362.0\ucrt\stdio.h(2263): message : see declaration of 'sscanf'
C:\Users\E7490\Documents\GitHub\GameloftGameC\TrainingFramework\src\GameObject\Models.cpp(40,1): warning C4996: 'sscanf': This function or variable may be unsafe. Consider using sscanf_s instead. To disable deprecation, use _CRT_SECURE_NO_WARNINGS. See online help for details.
C:\Program Files (x86)\Windows Kits\10\Include\10.0.18362.0\ucrt\stdio.h(2263): message : see declaration of 'sscanf'
C:\Users\E7490\Documents\GitHub\GameloftGameC\TrainingFramework\src\GameObject\Models.cpp(62,1): warning C4996: 'sscanf': This function or variable may be unsafe. Consider using sscanf_s instead. To disable deprecation, use _CRT_SECURE_NO_WARNINGS. See online help for details.
C:\Program Files (x86)\Windows Kits\10\Include\10.0.18362.0\ucrt\stdio.h(2263): message : see declaration of 'sscanf'
C:\Users\E7490\Documents\GitHub\GameloftGameC\TrainingFramework\src\GameObject\Models.cpp(68,1): warning C4996: 'sscanf': This function or variable may be unsafe. Consider using sscanf_s instead. To disable deprecation, use _CRT_SECURE_NO_WARNINGS. See online help for details.
C:\Program Files (x86)\Windows Kits\10\Include\10.0.18362.0\ucrt\stdio.h(2263): message : see declaration of 'sscanf'
  Sprite3D.cpp
  Camera.cpp
  Sprite2D.cpp
C:\Users\E7490\Documents\GitHub\GameloftGameC\TrainingFramework\src\GameObject\Sprite2D.cpp(151,11): warning C4244: 'initializing': conversion from 'double' to 'float', possible loss of data
C:\Users\E7490\Documents\GitHub\GameloftGameC\TrainingFramework\src\GameObject\Sprite2D.cpp(152,11): warning C4244: 'initializing': conversion from 'double' to 'float', possible loss of data
C:\Users\E7490\Documents\GitHub\GameloftGameC\TrainingFramework\src\GameObject\Sprite2D.cpp(162,11): warning C4244: 'initializing': conversion from 'double' to 'float', possible loss of data
C:\Users\E7490\Documents\GitHub\GameloftGameC\TrainingFramework\src\GameObject\Sprite2D.cpp(163,11): warning C4244: 'initializing': conversion from 'double' to 'float', possible loss of data
  Score.cpp
C:\Users\E7490\Documents\GitHub\GameloftGameC\TrainingFramework\src\GameObject\Score.cpp(21,1): warning C4996: 'fopen': This function or variable may be unsafe. Consider using fopen_s instead. To disable deprecation, use _CRT_SECURE_NO_WARNINGS. See online help for details.
C:\Program Files (x86)\Windows Kits\10\Include\10.0.18362.0\ucrt\stdio.h(208): message : see declaration of 'fopen'
C:\Users\E7490\Documents\GitHub\GameloftGameC\TrainingFramework\src\GameObject\Score.cpp(32,1): warning C4996: 'fopen': This function or variable may be unsafe. Consider using fopen_s instead. To disable deprecation, use _CRT_SECURE_NO_WARNINGS. See online help for details.
C:\Program Files (x86)\Windows Kits\10\Include\10.0.18362.0\ucrt\stdio.h(208): message : see declaration of 'fopen'
  StaticLayer.cpp
C:\Users\E7490\Documents\GitHub\GameloftGameC\TrainingFramework\src\GameObject\StaticLayer.cpp(7,94): warning C4244: 'argument': conversion from 'int' to 'GLfloat', possible loss of data
C:\Users\E7490\Documents\GitHub\GameloftGameC\TrainingFramework\src\GameObject\StaticLayer.cpp(7,76): warning C4244: 'argument': conversion from 'int' to 'GLfloat', possible loss of data
C:\Users\E7490\Documents\GitHub\GameloftGameC\TrainingFramework\src\GameObject\StaticLayer.cpp(7,145): warning C4244: 'argument': conversion from 'int' to 'GLfloat', possible loss of data
C:\Users\E7490\Documents\GitHub\GameloftGameC\TrainingFramework\src\GameObject\StaticLayer.cpp(7,127): warning C4244: 'argument': conversion from 'int' to 'GLfloat', possible loss of data
C:\Users\E7490\Documents\GitHub\GameloftGameC\TrainingFramework\src\GameObject\StaticLayer.cpp(11,106): warning C4244: 'argument': conversion from 'int' to 'GLfloat', possible loss of data
C:\Users\E7490\Documents\GitHub\GameloftGameC\TrainingFramework\src\GameObject\StaticLayer.cpp(11,88): warning C4244: 'argument': conversion from 'int' to 'GLfloat', possible loss of data
C:\Users\E7490\Documents\GitHub\GameloftGameC\TrainingFramework\src\GameObject\StaticLayer.cpp(11,157): warning C4244: 'argument': conversion from 'int' to 'GLfloat', possible loss of data
C:\Users\E7490\Documents\GitHub\GameloftGameC\TrainingFramework\src\GameObject\StaticLayer.cpp(11,139): warning C4244: 'argument': conversion from 'int' to 'GLfloat', possible loss of data
C:\Users\E7490\Documents\GitHub\GameloftGameC\TrainingFramework\src\GameObject\StaticLayer.cpp(16,12): warning C4244: '=': conversion from 'int' to 'GLfloat', possible loss of data
C:\Users\E7490\Documents\GitHub\GameloftGameC\TrainingFramework\src\GameObject\StaticLayer.cpp(17,12): warning C4244: '=': conversion from 'int' to 'GLfloat', possible loss of data
C:\Users\E7490\Documents\GitHub\GameloftGameC\TrainingFramework\src\GameObject\StaticLayer.cpp(18,19): warning C4244: '=': conversion from 'int' to 'GLfloat', possible loss of data
C:\Users\E7490\Documents\GitHub\GameloftGameC\TrainingFramework\src\GameObject\StaticLayer.cpp(19,19): warning C4244: '=': conversion from 'int' to 'GLfloat', possible loss of data
C:\Users\E7490\Documents\GitHub\GameloftGameC\TrainingFramework\src\GameObject\StaticLayer.cpp(53,54): warning C4244: 'argument': conversion from 'GLfloat' to 'int', possible loss of data
C:\Users\E7490\Documents\GitHub\GameloftGameC\TrainingFramework\src\GameObject\StaticLayer.cpp(53,38): warning C4244: 'argument': conversion from 'GLfloat' to 'int', possible loss of data
C:\Users\E7490\Documents\GitHub\GameloftGameC\TrainingFramework\src\GameObject\StaticLayer.cpp(57,29): warning C4244: 'argument': conversion from 'int' to 'GLfloat', possible loss of data
C:\Users\E7490\Documents\GitHub\GameloftGameC\TrainingFramework\src\GameObject\StaticLayer.cpp(57,26): warning C4244: 'argument': conversion from 'int' to 'GLfloat', possible loss of data
C:\Users\E7490\Documents\GitHub\GameloftGameC\TrainingFramework\src\GameObject\StaticLayer.cpp(58,43): warning C4244: 'argument': conversion from 'int' to 'GLfloat', possible loss of data
C:\Users\E7490\Documents\GitHub\GameloftGameC\TrainingFramework\src\GameObject\StaticLayer.cpp(58,38): warning C4244: 'argument': conversion from 'int' to 'GLfloat', possible loss of data
C:\Users\E7490\Documents\GitHub\GameloftGameC\TrainingFramework\src\GameObject\StaticLayer.cpp(59,21): warning C4244: 'argument': conversion from 'int' to 'GLfloat', possible loss of data
C:\Users\E7490\Documents\GitHub\GameloftGameC\TrainingFramework\src\GameObject\StaticLayer.cpp(59,18): warning C4244: 'argument': conversion from 'int' to 'GLfloat', possible loss of data
C:\Users\E7490\Documents\GitHub\GameloftGameC\TrainingFramework\src\GameObject\StaticLayer.cpp(65,28): warning C4244: 'argument': conversion from 'int' to 'GLfloat', possible loss of data
C:\Users\E7490\Documents\GitHub\GameloftGameC\TrainingFramework\src\GameObject\StaticLayer.cpp(65,26): warning C4244: 'argument': conversion from 'int' to 'GLfloat', possible loss of data
C:\Users\E7490\Documents\GitHub\GameloftGameC\TrainingFramework\src\GameObject\StaticLayer.cpp(66,43): warning C4244: 'argument': conversion from 'int' to 'GLfloat', possible loss of data
C:\Users\E7490\Documents\GitHub\GameloftGameC\TrainingFramework\src\GameObject\StaticLayer.cpp(66,38): warning C4244: 'argument': conversion from 'int' to 'GLfloat', possible loss of data
  Player.cpp
  Generating Code...
  Compiling...
  Object.cpp
  ParallelBackground.cpp
C:\Users\E7490\Documents\GitHub\GameloftGameC\TrainingFramework\src\GameObject\ParallelBackground.cpp(16,54): warning C4244: 'argument': conversion from 'double' to 'int', possible loss of data
C:\Users\E7490\Documents\GitHub\GameloftGameC\TrainingFramework\src\GameObject\ParallelBackground.cpp(17,43): warning C4244: 'argument': conversion from 'double' to 'int', possible loss of data
  GameButton.cpp
  Font.cpp
  DynamicObject.cpp
  RunCState.cpp
  JumpCState.cpp
  IdleCState.cpp
  FallCState.cpp
C:\Users\E7490\Documents\GitHub\GameloftGameC\TrainingFramework\src\GameObject\Character\FallCState.cpp(74,12): warning C4244: '=': conversion from 'int' to 'GLfloat', possible loss of data
  DeathCState.cpp
  DashCState.cpp
  Charater.cpp
  AttackCState.cpp
  PosionAttackBState.cpp
C:\Users\E7490\Documents\GitHub\GameloftGameC\TrainingFramework\src\GameObject\Boss\PosionAttackBState.cpp(18,38): warning C4244: 'argument': conversion from 'float' to 'GLint', possible loss of data
C:\Users\E7490\Documents\GitHub\GameloftGameC\TrainingFramework\src\GameObject\Boss\PosionAttackBState.cpp(18,24): warning C4244: 'argument': conversion from 'float' to 'GLint', possible loss of data
  JumpBState.cpp
  JumpBiteBState.cpp
C:\Users\E7490\Documents\GitHub\GameloftGameC\TrainingFramework\src\GameObject\Boss\JumpBiteBState.cpp(18,41): warning C4244: 'argument': conversion from 'float' to 'GLint', possible loss of data
C:\Users\E7490\Documents\GitHub\GameloftGameC\TrainingFramework\src\GameObject\Boss\JumpBiteBState.cpp(18,25): warning C4244: 'argument': conversion from 'float' to 'GLint', possible loss of data
  IdleBState.cpp
C:\Users\E7490\Documents\GitHub\GameloftGameC\TrainingFramework\src\GameObject\Boss\IdleBState.cpp(18,41): warning C4244: 'argument': conversion from 'float' to 'GLint', possible loss of data
C:\Users\E7490\Documents\GitHub\GameloftGameC\TrainingFramework\src\GameObject\Boss\IdleBState.cpp(18,25): warning C4244: 'argument': conversion from 'float' to 'GLint', possible loss of data
  HurtBState.cpp
C:\Users\E7490\Documents\GitHub\GameloftGameC\TrainingFramework\src\GameObject\Boss\HurtBState.cpp(18,41): warning C4244: 'argument': conversion from 'float' to 'GLint', possible loss of data
C:\Users\E7490\Documents\GitHub\GameloftGameC\TrainingFramework\src\GameObject\Boss\HurtBState.cpp(18,25): warning C4244: 'argument': conversion from 'float' to 'GLint', possible loss of data
  FallBState.cpp
C:\Users\E7490\Documents\GitHub\GameloftGameC\TrainingFramework\src\GameObject\Boss\FallBState.cpp(18,41): warning C4244: 'argument': conversion from 'float' to 'GLint', possible loss of data
C:\Users\E7490\Documents\GitHub\GameloftGameC\TrainingFramework\src\GameObject\Boss\FallBState.cpp(18,25): warning C4244: 'argument': conversion from 'float' to 'GLint', possible loss of data
  DeathBState.cpp
C:\Users\E7490\Documents\GitHub\GameloftGameC\TrainingFramework\src\GameObject\Boss\DeathBState.cpp(18,41): warning C4244: 'argument': conversion from 'float' to 'GLint', possible loss of data
C:\Users\E7490\Documents\GitHub\GameloftGameC\TrainingFramework\src\GameObject\Boss\DeathBState.cpp(18,25): warning C4244: 'argument': conversion from 'float' to 'GLint', possible loss of data
  Generating Code...
  Compiling...
  Boss.cpp
  BiteAttackBState.cpp
C:\Users\E7490\Documents\GitHub\GameloftGameC\TrainingFramework\src\GameObject\Boss\BiteAttackBState.cpp(18,41): warning C4244: 'argument': conversion from 'float' to 'GLint', possible loss of data
C:\Users\E7490\Documents\GitHub\GameloftGameC\TrainingFramework\src\GameObject\Boss\BiteAttackBState.cpp(18,25): warning C4244: 'argument': conversion from 'float' to 'GLint', possible loss of data
  AnimationSprite.cpp
C:\Users\E7490\Documents\GitHub\GameloftGameC\TrainingFramework\src\GameObject\AnimationSprite.cpp(93,39): warning C4244: 'argument': conversion from 'int' to 'GLfloat', possible loss of data
C:\Users\E7490\Documents\GitHub\GameloftGameC\TrainingFramework\src\GameObject\AnimationSprite.cpp(98,39): warning C4244: 'argument': conversion from 'int' to 'GLfloat', possible loss of data
  ResourceManagers.cpp
  Application.cpp
  Generating Code...
Application.obj : warning LNK4075: ignoring '/EDITANDCONTINUE' due to '/SAFESEH' specification
LINK : warning LNK4098: defaultlib 'LIBCMTD' conflicts with use of other libs; use /NODEFAULTLIB:library
  TrainingFramework.vcxproj -> C:\Users\E7490\Documents\GitHub\GameloftGameC\\BIN-AMD\TrainingFramework.exe
