d:\gameloft\programming_lesson_06\freetype\objs\vc2019\win32\release multithreaded\ftdebug.obj
d:\gameloft\programming_lesson_06\freetype\objs\vc2019\win32\release multithreaded\ftbitmap.obj
d:\gameloft\programming_lesson_06\freetype\objs\vc2019\win32\release multithreaded\autofit.obj
d:\gameloft\programming_lesson_06\freetype\objs\vc2019\win32\release multithreaded\ftpfr.obj
d:\gameloft\programming_lesson_06\freetype\objs\vc2019\win32\release multithreaded\ftxf86.obj
d:\gameloft\programming_lesson_06\freetype\objs\vc2019\win32\release multithreaded\ftotval.obj
d:\gameloft\programming_lesson_06\freetype\objs\vc2019\win32\release multithreaded\ftgasp.obj
d:\gameloft\programming_lesson_06\freetype\objs\vc2019\win32\release multithreaded\fttype1.obj
d:\gameloft\programming_lesson_06\freetype\objs\vc2019\win32\release multithreaded\ftpatent.obj
d:\gameloft\programming_lesson_06\freetype\objs\vc2019\win32\release multithreaded\ftstroke.obj
d:\gameloft\programming_lesson_06\freetype\objs\vc2019\win32\release multithreaded\ftsynth.obj
d:\gameloft\programming_lesson_06\freetype\objs\vc2019\win32\release multithreaded\ftlcdfil.obj
d:\gameloft\programming_lesson_06\freetype\objs\vc2019\win32\release multithreaded\ftfstype.obj
d:\gameloft\programming_lesson_06\freetype\objs\vc2019\win32\release multithreaded\ftwinfnt.obj
d:\gameloft\programming_lesson_06\freetype\objs\vc2019\win32\release multithreaded\ftbbox.obj
d:\gameloft\programming_lesson_06\freetype\objs\vc2019\win32\release multithreaded\ftgxval.obj
d:\gameloft\programming_lesson_06\freetype\objs\vc2019\win32\release multithreaded\ftlzw.obj
d:\gameloft\programming_lesson_06\freetype\objs\vc2019\win32\release multithreaded\ftmm.obj
d:\gameloft\programming_lesson_06\freetype\objs\vc2019\win32\release multithreaded\pfr.obj
d:\gameloft\programming_lesson_06\freetype\objs\vc2019\win32\release multithreaded\truetype.obj
d:\gameloft\programming_lesson_06\freetype\objs\vc2019\win32\release multithreaded\ftgzip.obj
d:\gameloft\programming_lesson_06\freetype\objs\vc2019\win32\release multithreaded\sfnt.obj
d:\gameloft\programming_lesson_06\freetype\objs\vc2019\win32\release multithreaded\ftinit.obj
d:\gameloft\programming_lesson_06\freetype\objs\vc2019\win32\release multithreaded\ftsystem.obj
d:\gameloft\programming_lesson_06\freetype\objs\vc2019\win32\release multithreaded\pcf.obj
d:\gameloft\programming_lesson_06\freetype\objs\vc2019\win32\release multithreaded\psmodule.obj
d:\gameloft\programming_lesson_06\freetype\objs\vc2019\win32\release multithreaded\winfnt.obj
d:\gameloft\programming_lesson_06\freetype\objs\vc2019\win32\release multithreaded\ftglyph.obj
d:\gameloft\programming_lesson_06\freetype\objs\vc2019\win32\release multithreaded\smooth.obj
d:\gameloft\programming_lesson_06\freetype\objs\vc2019\win32\release multithreaded\psaux.obj
d:\gameloft\programming_lesson_06\freetype\objs\vc2019\win32\release multithreaded\type1.obj
d:\gameloft\programming_lesson_06\freetype\objs\vc2019\win32\release multithreaded\bdf.obj
d:\gameloft\programming_lesson_06\freetype\objs\vc2019\win32\release multithreaded\raster.obj
d:\gameloft\programming_lesson_06\freetype\objs\vc2019\win32\release multithreaded\type42.obj
d:\gameloft\programming_lesson_06\freetype\objs\vc2019\win32\release multithreaded\ftbase.obj
d:\gameloft\programming_lesson_06\freetype\objs\vc2019\win32\release multithreaded\type1cid.obj
d:\gameloft\programming_lesson_06\freetype\objs\vc2019\win32\release multithreaded\ftcache.obj
d:\gameloft\programming_lesson_06\freetype\objs\vc2019\win32\release multithreaded\pshinter.obj
d:\gameloft\programming_lesson_06\freetype\objs\vc2019\win32\release multithreaded\cff.obj
c:\users\e7490\documents\github\gameloftgamec\freetype\objs\vc2019\win32\release multithreaded\ftbitmap.obj
c:\users\e7490\documents\github\gameloftgamec\freetype\objs\vc2019\win32\release multithreaded\ftgxval.obj
c:\users\e7490\documents\github\gameloftgamec\freetype\objs\vc2019\win32\release multithreaded\ftsynth.obj
c:\users\e7490\documents\github\gameloftgamec\freetype\objs\vc2019\win32\release multithreaded\fttype1.obj
c:\users\e7490\documents\github\gameloftgamec\freetype\objs\vc2019\win32\release multithreaded\ftpatent.obj
c:\users\e7490\documents\github\gameloftgamec\freetype\objs\vc2019\win32\release multithreaded\ftbbox.obj
c:\users\e7490\documents\github\gameloftgamec\freetype\objs\vc2019\win32\release multithreaded\ftlcdfil.obj
c:\users\e7490\documents\github\gameloftgamec\freetype\objs\vc2019\win32\release multithreaded\ftgasp.obj
c:\users\e7490\documents\github\gameloftgamec\freetype\objs\vc2019\win32\release multithreaded\ftxf86.obj
c:\users\e7490\documents\github\gameloftgamec\freetype\objs\vc2019\win32\release multithreaded\autofit.obj
c:\users\e7490\documents\github\gameloftgamec\freetype\objs\vc2019\win32\release multithreaded\ftstroke.obj
c:\users\e7490\documents\github\gameloftgamec\freetype\objs\vc2019\win32\release multithreaded\ftfstype.obj
c:\users\e7490\documents\github\gameloftgamec\freetype\objs\vc2019\win32\release multithreaded\ftwinfnt.obj
c:\users\e7490\documents\github\gameloftgamec\freetype\objs\vc2019\win32\release multithreaded\ftpfr.obj
c:\users\e7490\documents\github\gameloftgamec\freetype\objs\vc2019\win32\release multithreaded\ftotval.obj
c:\users\e7490\documents\github\gameloftgamec\freetype\objs\vc2019\win32\release multithreaded\ftlzw.obj
c:\users\e7490\documents\github\gameloftgamec\freetype\objs\vc2019\win32\release multithreaded\pshinter.obj
c:\users\e7490\documents\github\gameloftgamec\freetype\objs\vc2019\win32\release multithreaded\bdf.obj
c:\users\e7490\documents\github\gameloftgamec\freetype\objs\vc2019\win32\release multithreaded\pfr.obj
c:\users\e7490\documents\github\gameloftgamec\freetype\objs\vc2019\win32\release multithreaded\type1.obj
c:\users\e7490\documents\github\gameloftgamec\freetype\objs\vc2019\win32\release multithreaded\ftgzip.obj
c:\users\e7490\documents\github\gameloftgamec\freetype\objs\vc2019\win32\release multithreaded\truetype.obj
c:\users\e7490\documents\github\gameloftgamec\freetype\objs\vc2019\win32\release multithreaded\ftglyph.obj
c:\users\e7490\documents\github\gameloftgamec\freetype\objs\vc2019\win32\release multithreaded\ftsystem.obj
c:\users\e7490\documents\github\gameloftgamec\freetype\objs\vc2019\win32\release multithreaded\pcf.obj
c:\users\e7490\documents\github\gameloftgamec\freetype\objs\vc2019\win32\release multithreaded\raster.obj
c:\users\e7490\documents\github\gameloftgamec\freetype\objs\vc2019\win32\release multithreaded\winfnt.obj
c:\users\e7490\documents\github\gameloftgamec\freetype\objs\vc2019\win32\release multithreaded\cff.obj
c:\users\e7490\documents\github\gameloftgamec\freetype\objs\vc2019\win32\release multithreaded\type1cid.obj
c:\users\e7490\documents\github\gameloftgamec\freetype\objs\vc2019\win32\release multithreaded\ftinit.obj
c:\users\e7490\documents\github\gameloftgamec\freetype\objs\vc2019\win32\release multithreaded\smooth.obj
c:\users\e7490\documents\github\gameloftgamec\freetype\objs\vc2019\win32\release multithreaded\psmodule.obj
c:\users\e7490\documents\github\gameloftgamec\freetype\objs\vc2019\win32\release multithreaded\type42.obj
c:\users\e7490\documents\github\gameloftgamec\freetype\objs\vc2019\win32\release multithreaded\ftbase.obj
c:\users\e7490\documents\github\gameloftgamec\freetype\objs\vc2019\win32\release multithreaded\sfnt.obj
c:\users\e7490\documents\github\gameloftgamec\freetype\objs\vc2019\win32\release multithreaded\ftcache.obj
c:\users\e7490\documents\github\gameloftgamec\freetype\objs\vc2019\win32\release multithreaded\ftmm.obj
c:\users\e7490\documents\github\gameloftgamec\freetype\objs\vc2019\win32\release multithreaded\psaux.obj
c:\users\e7490\documents\github\gameloftgamec\freetype\objs\vc2019\win32\release multithreaded\ftdebug.obj
d:\gameloft\programming_lesson_06\freetype\objs\vc2019\win32\freetype.lib
c:\users\e7490\documents\github\gameloftgamec\freetype\objs\vc2019\win32\freetype.lib
c:\users\e7490\documents\github\gameloftgamec\freetype\builds\windows\vc2019\.\..\..\..\objs\vc2019\win32\freetype.lib
c:\users\e7490\documents\github\gameloftgamec\freetype\objs\vc2019\win32\release multithreaded\freetype.tlog\cl.command.1.tlog
c:\users\e7490\documents\github\gameloftgamec\freetype\objs\vc2019\win32\release multithreaded\freetype.tlog\cl.read.1.tlog
c:\users\e7490\documents\github\gameloftgamec\freetype\objs\vc2019\win32\release multithreaded\freetype.tlog\cl.write.1.tlog
c:\users\e7490\documents\github\gameloftgamec\freetype\objs\vc2019\win32\release multithreaded\freetype.tlog\lib-link.read.1.tlog
c:\users\e7490\documents\github\gameloftgamec\freetype\objs\vc2019\win32\release multithreaded\freetype.tlog\lib-link.write.1.tlog
c:\users\e7490\documents\github\gameloftgamec\freetype\objs\vc2019\win32\release multithreaded\freetype.tlog\lib.command.1.tlog
