d:\gameloft\programming_lesson_06\utilities\release-nvidia\utilities.pdb
d:\gameloft\programming_lesson_06\utilities\release-nvidia\tga.obj
d:\gameloft\programming_lesson_06\utilities\release-nvidia\memoryoperators.obj
d:\gameloft\programming_lesson_06\utilities\release-nvidia\memorymanager.obj
d:\gameloft\programming_lesson_06\utilities\release-nvidia\u_math.obj
d:\gameloft\programming_lesson_06\utilities\release-nvidia\esutil_win.obj
d:\gameloft\programming_lesson_06\utilities\release-nvidia\esutil.obj
d:\gameloft\programming_lesson_06\utilities\release-nvidia\esshader.obj
c:\users\e7490\documents\github\gameloftgamec\utilities\release-nvidia\utilities.pdb
c:\users\e7490\documents\github\gameloftgamec\utilities\release-nvidia\tga.obj
c:\users\e7490\documents\github\gameloftgamec\utilities\release-nvidia\u_math.obj
c:\users\e7490\documents\github\gameloftgamec\utilities\release-nvidia\esutil_win.obj
c:\users\e7490\documents\github\gameloftgamec\utilities\release-nvidia\esutil.obj
c:\users\e7490\documents\github\gameloftgamec\utilities\release-nvidia\esshader.obj
d:\gameloft\programming_lesson_06\bin-nvidia\utilitiesr.lib
c:\users\e7490\documents\github\gameloftgamec\bin-nvidia\utilitiesr.lib
c:\users\e7490\documents\github\gameloftgamec\utilities\release-nvidia\memorymanager.obj
c:\users\e7490\documents\github\gameloftgamec\utilities\release-nvidia\memoryoperators.obj
c:\users\e7490\documents\github\gameloftgamec\utilities\release-nvidia\utilities.tlog\cl.command.1.tlog
c:\users\e7490\documents\github\gameloftgamec\utilities\release-nvidia\utilities.tlog\cl.read.1.tlog
c:\users\e7490\documents\github\gameloftgamec\utilities\release-nvidia\utilities.tlog\cl.write.1.tlog
c:\users\e7490\documents\github\gameloftgamec\utilities\release-nvidia\utilities.tlog\lib-link.read.1.tlog
c:\users\e7490\documents\github\gameloftgamec\utilities\release-nvidia\utilities.tlog\lib-link.write.1.tlog
c:\users\e7490\documents\github\gameloftgamec\utilities\release-nvidia\utilities.tlog\lib.command.1.tlog
