c:\users\e7490\documents\github\gameloftgamec\soloud20200207\build\vs2019\release\release\soloudstatic\soloud_noise.obj
c:\users\e7490\documents\github\gameloftgamec\soloud20200207\build\vs2019\release\release\soloudstatic\dr_impl.obj
c:\users\e7490\documents\github\gameloftgamec\soloud20200207\build\vs2019\release\release\soloudstatic\soloud_misc.obj
c:\users\e7490\documents\github\gameloftgamec\soloud20200207\build\vs2019\release\release\soloudstatic\darray.obj
c:\users\e7490\documents\github\gameloftgamec\soloud20200207\build\vs2019\release\release\soloudstatic\sid.obj
c:\users\e7490\documents\github\gameloftgamec\soloud20200207\build\vs2019\release\release\soloudstatic\soloud_vic.obj
c:\users\e7490\documents\github\gameloftgamec\soloud20200207\build\vs2019\release\release\soloudstatic\soloud_echofilter.obj
c:\users\e7490\documents\github\gameloftgamec\soloud20200207\build\vs2019\release\release\soloudstatic\soloud.obj
c:\users\e7490\documents\github\gameloftgamec\soloud20200207\build\vs2019\release\release\soloudstatic\soloud_core_voicegroup.obj
c:\users\e7490\documents\github\gameloftgamec\soloud20200207\build\vs2019\release\release\soloudstatic\soloud_thread.obj
c:\users\e7490\documents\github\gameloftgamec\soloud20200207\build\vs2019\release\release\soloudstatic\resonator.obj
c:\users\e7490\documents\github\gameloftgamec\soloud20200207\build\vs2019\release\release\soloudstatic\tts.obj
c:\users\e7490\documents\github\gameloftgamec\soloud20200207\build\vs2019\release\release\soloudstatic\soloud_tedsid.obj
c:\users\e7490\documents\github\gameloftgamec\soloud20200207\build\vs2019\release\release\soloudstatic\soloud_dcremovalfilter.obj
c:\users\e7490\documents\github\gameloftgamec\soloud20200207\build\vs2019\release\release\soloudstatic\soloud_waveshaperfilter.obj
c:\users\e7490\documents\github\gameloftgamec\soloud20200207\build\vs2019\release\release\soloudstatic\soloud_core_filterops.obj
c:\users\e7490\documents\github\gameloftgamec\soloud20200207\build\vs2019\release\release\soloudstatic\soloud_fft_lut.obj
c:\users\e7490\documents\github\gameloftgamec\soloud20200207\build\vs2019\release\release\soloudstatic\soloud_filter.obj
c:\users\e7490\documents\github\gameloftgamec\soloud20200207\build\vs2019\release\release\soloudstatic\soloud_monotone.obj
c:\users\e7490\documents\github\gameloftgamec\soloud20200207\build\vs2019\release\release\soloudstatic\soloud_wav.obj
c:\users\e7490\documents\github\gameloftgamec\soloud20200207\build\vs2019\release\release\soloudstatic\soloud_freeverbfilter.obj
c:\users\e7490\documents\github\gameloftgamec\soloud20200207\build\vs2019\release\release\soloudstatic\soloud_core_basicops.obj
c:\users\e7490\documents\github\gameloftgamec\soloud20200207\build\vs2019\release\release\soloudstatic\soloud_core_voiceops.obj
c:\users\e7490\documents\github\gameloftgamec\soloud20200207\build\vs2019\release\release\soloudstatic\soloud_null.obj
c:\users\e7490\documents\github\gameloftgamec\soloud20200207\build\vs2019\release\release\soloudstatic\soloud_openmpt.obj
c:\users\e7490\documents\github\gameloftgamec\soloud20200207\build\vs2019\release\release\soloudstatic\soloud_bassboostfilter.obj
c:\users\e7490\documents\github\gameloftgamec\soloud20200207\build\vs2019\release\release\soloudstatic\soloud_flangerfilter.obj
c:\users\e7490\documents\github\gameloftgamec\soloud20200207\build\vs2019\release\release\soloudstatic\soloud_bus.obj
c:\users\e7490\documents\github\gameloftgamec\soloud20200207\build\vs2019\release\release\soloudstatic\soloud_core_setters.obj
c:\users\e7490\documents\github\gameloftgamec\soloud20200207\build\vs2019\release\release\soloudstatic\soloud_queue.obj
c:\users\e7490\documents\github\gameloftgamec\soloud20200207\build\vs2019\release\release\soloudstatic\klatt.obj
c:\users\e7490\documents\github\gameloftgamec\soloud20200207\build\vs2019\release\release\soloudstatic\ted.obj
c:\users\e7490\documents\github\gameloftgamec\soloud20200207\build\vs2019\release\release\soloudstatic\soloud_vizsn.obj
c:\users\e7490\documents\github\gameloftgamec\soloud20200207\build\vs2019\release\release\soloudstatic\soloud_lofifilter.obj
c:\users\e7490\documents\github\gameloftgamec\soloud20200207\build\vs2019\release\release\soloudstatic\soloud_core_3d.obj
c:\users\e7490\documents\github\gameloftgamec\soloud20200207\build\vs2019\release\release\soloudstatic\soloud_fader.obj
c:\users\e7490\documents\github\gameloftgamec\soloud20200207\build\vs2019\release\release\soloudstatic\soloud_winmm.obj
c:\users\e7490\documents\github\gameloftgamec\soloud20200207\build\vs2019\release\release\soloudstatic\soloud_speech.obj
c:\users\e7490\documents\github\gameloftgamec\soloud20200207\build\vs2019\release\release\soloudstatic\soloud_wavstream.obj
c:\users\e7490\documents\github\gameloftgamec\soloud20200207\build\vs2019\release\release\soloudstatic\soloud_fftfilter.obj
c:\users\e7490\documents\github\gameloftgamec\soloud20200207\build\vs2019\release\release\soloudstatic\soloud_audiosource.obj
c:\users\e7490\documents\github\gameloftgamec\soloud20200207\build\vs2019\release\release\soloudstatic\soloud_core_getters.obj
c:\users\e7490\documents\github\gameloftgamec\soloud20200207\build\vs2019\release\release\soloudstatic\soloud_file.obj
c:\users\e7490\documents\github\gameloftgamec\soloud20200207\build\vs2019\release\release\soloudstatic\soloud_sfxr.obj
c:\users\e7490\documents\github\gameloftgamec\soloud20200207\build\vs2019\release\release\soloudstatic\soloud_biquadresonantfilter.obj
c:\users\e7490\documents\github\gameloftgamec\soloud20200207\build\vs2019\release\release\soloudstatic\soloud_robotizefilter.obj
c:\users\e7490\documents\github\gameloftgamec\soloud20200207\build\vs2019\release\release\soloudstatic\soloud_core_faderops.obj
c:\users\e7490\documents\github\gameloftgamec\soloud20200207\build\vs2019\release\release\soloudstatic\soloud_fft.obj
c:\users\e7490\documents\github\gameloftgamec\soloud20200207\build\vs2019\release\release\soloudstatic\stb_vorbis.obj
c:\users\e7490\documents\github\gameloftgamec\soloud20200207\build\vs2019\release\release\soloudstatic\soloud_openmpt_dll.obj
c:\users\e7490\documents\github\gameloftgamec\soloud20200207\lib\soloud_static.lib
c:\users\e7490\documents\github\gameloftgamec\soloud20200207\build\vs2019\..\..\lib\soloud_static.lib
c:\users\e7490\documents\github\gameloftgamec\soloud20200207\build\vs2019\release\release\soloudstatic\soloudstatic.tlog\cl.10800.write.1.tlog
c:\users\e7490\documents\github\gameloftgamec\soloud20200207\build\vs2019\release\release\soloudstatic\soloudstatic.tlog\cl.command.1.tlog
c:\users\e7490\documents\github\gameloftgamec\soloud20200207\build\vs2019\release\release\soloudstatic\soloudstatic.tlog\cl.read.1.tlog
c:\users\e7490\documents\github\gameloftgamec\soloud20200207\build\vs2019\release\release\soloudstatic\soloudstatic.tlog\lib-link.read.1.tlog
c:\users\e7490\documents\github\gameloftgamec\soloud20200207\build\vs2019\release\release\soloudstatic\soloudstatic.tlog\lib-link.write.1.tlog
c:\users\e7490\documents\github\gameloftgamec\soloud20200207\build\vs2019\release\release\soloudstatic\soloudstatic.tlog\lib.command.1.tlog
