d:\gameloft\programming_lesson_06\trainingframework\release-nvidia\vc142.pdb
d:\gameloft\programming_lesson_06\trainingframework\release-nvidia\trainingframework.obj
d:\gameloft\programming_lesson_06\trainingframework\release-nvidia\gsplay.obj
d:\gameloft\programming_lesson_06\trainingframework\release-nvidia\gsmenu.obj
d:\gameloft\programming_lesson_06\trainingframework\release-nvidia\gsintro.obj
d:\gameloft\programming_lesson_06\trainingframework\release-nvidia\gamestatemachine.obj
d:\gameloft\programming_lesson_06\trainingframework\release-nvidia\gamestatebase.obj
d:\gameloft\programming_lesson_06\trainingframework\release-nvidia\texture.obj
d:\gameloft\programming_lesson_06\trainingframework\release-nvidia\text.obj
d:\gameloft\programming_lesson_06\trainingframework\release-nvidia\shaders.obj
d:\gameloft\programming_lesson_06\trainingframework\release-nvidia\models.obj
d:\gameloft\programming_lesson_06\trainingframework\release-nvidia\sprite3d.obj
d:\gameloft\programming_lesson_06\trainingframework\release-nvidia\camera.obj
d:\gameloft\programming_lesson_06\trainingframework\release-nvidia\sprite2d.obj
d:\gameloft\programming_lesson_06\trainingframework\release-nvidia\gamebutton.obj
d:\gameloft\programming_lesson_06\trainingframework\release-nvidia\font.obj
d:\gameloft\programming_lesson_06\trainingframework\release-nvidia\animationsprite.obj
d:\gameloft\programming_lesson_06\trainingframework\release-nvidia\resourcemanagers.obj
d:\gameloft\programming_lesson_06\trainingframework\release-nvidia\application.obj
c:\users\e7490\documents\github\gameloftgamec\trainingframework\release-nvidia\vc142.pdb
c:\users\e7490\documents\github\gameloftgamec\trainingframework\release-nvidia\fallcstate.obj
c:\users\e7490\documents\github\gameloftgamec\trainingframework\release-nvidia\deathcstate.obj
c:\users\e7490\documents\github\gameloftgamec\trainingframework\release-nvidia\dashcstate.obj
c:\users\e7490\documents\github\gameloftgamec\trainingframework\release-nvidia\charater.obj
c:\users\e7490\documents\github\gameloftgamec\trainingframework\release-nvidia\attackcstate.obj
c:\users\e7490\documents\github\gameloftgamec\trainingframework\release-nvidia\bulletmanager.obj
c:\users\e7490\documents\github\gameloftgamec\trainingframework\release-nvidia\bullet.obj
c:\users\e7490\documents\github\gameloftgamec\trainingframework\release-nvidia\posionattackbstate.obj
c:\users\e7490\documents\github\gameloftgamec\trainingframework\release-nvidia\jumpbstate.obj
c:\users\e7490\documents\github\gameloftgamec\trainingframework\release-nvidia\jumpbitebstate.obj
c:\users\e7490\documents\github\gameloftgamec\trainingframework\release-nvidia\idlebstate.obj
c:\users\e7490\documents\github\gameloftgamec\trainingframework\release-nvidia\hurtbstate.obj
c:\users\e7490\documents\github\gameloftgamec\trainingframework\release-nvidia\fallbstate.obj
c:\users\e7490\documents\github\gameloftgamec\trainingframework\release-nvidia\deathbstate.obj
c:\users\e7490\documents\github\gameloftgamec\trainingframework\release-nvidia\boss.obj
c:\users\e7490\documents\github\gameloftgamec\trainingframework\release-nvidia\biteattackbstate.obj
c:\users\e7490\documents\github\gameloftgamec\trainingframework\release-nvidia\bornmonstermanager.obj
c:\users\e7490\documents\github\gameloftgamec\trainingframework\release-nvidia\animationsprite.obj
c:\users\e7490\documents\github\gameloftgamec\trainingframework\release-nvidia\resourcemanagers.obj
c:\users\e7490\documents\github\gameloftgamec\trainingframework\release-nvidia\application.obj
c:\users\e7490\documents\github\gameloftgamec\trainingframework\release-nvidia\staticlayer.obj
c:\users\e7490\documents\github\gameloftgamec\trainingframework\release-nvidia\secretboss.obj
c:\users\e7490\documents\github\gameloftgamec\trainingframework\release-nvidia\moverightsbstate.obj
c:\users\e7490\documents\github\gameloftgamec\trainingframework\release-nvidia\moveleftsbstate.obj
c:\users\e7490\documents\github\gameloftgamec\trainingframework\release-nvidia\lazeattacksbstate.obj
c:\users\e7490\documents\github\gameloftgamec\trainingframework\release-nvidia\bulletattacksbstate.obj
c:\users\e7490\documents\github\gameloftgamec\trainingframework\release-nvidia\player.obj
c:\users\e7490\documents\github\gameloftgamec\trainingframework\release-nvidia\parallelbackground.obj
c:\users\e7490\documents\github\gameloftgamec\trainingframework\release-nvidia\levelgame.obj
c:\users\e7490\documents\github\gameloftgamec\trainingframework\release-nvidia\gamebutton.obj
c:\users\e7490\documents\github\gameloftgamec\trainingframework\release-nvidia\font.obj
c:\users\e7490\documents\github\gameloftgamec\trainingframework\release-nvidia\flamemanager.obj
c:\users\e7490\documents\github\gameloftgamec\trainingframework\release-nvidia\flame.obj
c:\users\e7490\documents\github\gameloftgamec\trainingframework\release-nvidia\entity.obj
c:\users\e7490\documents\github\gameloftgamec\trainingframework\release-nvidia\enemymanager.obj
c:\users\e7490\documents\github\gameloftgamec\trainingframework\release-nvidia\enemy.obj
c:\users\e7490\documents\github\gameloftgamec\trainingframework\release-nvidia\checkcollision.obj
c:\users\e7490\documents\github\gameloftgamec\trainingframework\release-nvidia\runcstate.obj
c:\users\e7490\documents\github\gameloftgamec\trainingframework\release-nvidia\jumpcstate.obj
c:\users\e7490\documents\github\gameloftgamec\trainingframework\release-nvidia\idlecstate.obj
c:\users\e7490\documents\github\gameloftgamec\trainingframework\release-nvidia\trainingframework.obj
c:\users\e7490\documents\github\gameloftgamec\trainingframework\release-nvidia\keyboard.obj
c:\users\e7490\documents\github\gameloftgamec\trainingframework\release-nvidia\gsplay.obj
c:\users\e7490\documents\github\gameloftgamec\trainingframework\release-nvidia\gsoption.obj
c:\users\e7490\documents\github\gameloftgamec\trainingframework\release-nvidia\gsmenu.obj
c:\users\e7490\documents\github\gameloftgamec\trainingframework\release-nvidia\gsintro.obj
c:\users\e7490\documents\github\gameloftgamec\trainingframework\release-nvidia\gshighscore.obj
c:\users\e7490\documents\github\gameloftgamec\trainingframework\release-nvidia\gsendgame.obj
c:\users\e7490\documents\github\gameloftgamec\trainingframework\release-nvidia\gscredit.obj
c:\users\e7490\documents\github\gameloftgamec\trainingframework\release-nvidia\gamestatemachine.obj
c:\users\e7490\documents\github\gameloftgamec\trainingframework\release-nvidia\gamestatebase.obj
c:\users\e7490\documents\github\gameloftgamec\trainingframework\release-nvidia\texture.obj
c:\users\e7490\documents\github\gameloftgamec\trainingframework\release-nvidia\text.obj
c:\users\e7490\documents\github\gameloftgamec\trainingframework\release-nvidia\shaders.obj
c:\users\e7490\documents\github\gameloftgamec\trainingframework\release-nvidia\models.obj
c:\users\e7490\documents\github\gameloftgamec\trainingframework\release-nvidia\sprite3d.obj
c:\users\e7490\documents\github\gameloftgamec\trainingframework\release-nvidia\camera.obj
c:\users\e7490\documents\github\gameloftgamec\trainingframework\release-nvidia\sprite2d.obj
c:\users\e7490\documents\github\gameloftgamec\trainingframework\release-nvidia\score.obj
d:\gameloft\programming_lesson_06\bin-nvidia\trainingframework.exe
d:\gameloft\programming_lesson_06\bin-nvidia\trainingframework.pdb
c:\users\e7490\documents\github\gameloftgamec\bin-nvidia\trainingframework.exe
c:\users\e7490\documents\github\gameloftgamec\bin-nvidia\trainingframework.pdb
c:\users\e7490\documents\github\gameloftgamec\bin-nvidia\trainingframework.ipdb
c:\users\e7490\documents\github\gameloftgamec\bin-nvidia\trainingframework.iobj
c:\users\e7490\documents\github\gameloftgamec\\bin-nvidia\trainingframework.pdb
c:\users\e7490\documents\github\gameloftgamec\\bin-nvidia\trainingframework.exe
c:\users\e7490\documents\github\gameloftgamec\\bin-nvidia\trainingframework.ilk
c:\users\e7490\documents\github\gameloftgamec\trainingframework\release-nvidia\training.fc024ec8.tlog\cl.command.1.tlog
c:\users\e7490\documents\github\gameloftgamec\trainingframework\release-nvidia\training.fc024ec8.tlog\cl.read.1.tlog
c:\users\e7490\documents\github\gameloftgamec\trainingframework\release-nvidia\training.fc024ec8.tlog\cl.write.1.tlog
c:\users\e7490\documents\github\gameloftgamec\trainingframework\release-nvidia\training.fc024ec8.tlog\link.command.1.tlog
c:\users\e7490\documents\github\gameloftgamec\trainingframework\release-nvidia\training.fc024ec8.tlog\link.delete.1.tlog
c:\users\e7490\documents\github\gameloftgamec\trainingframework\release-nvidia\training.fc024ec8.tlog\link.read.1.tlog
c:\users\e7490\documents\github\gameloftgamec\trainingframework\release-nvidia\training.fc024ec8.tlog\link.write.1.tlog
c:\users\e7490\documents\github\gameloftgamec\trainingframework\release-nvidia\training.fc024ec8.tlog\trainingframework.write.1u.tlog
