d:\gameloft\programming_lesson_06\trainingframework\debug-nvidia\vc142.pdb
d:\gameloft\programming_lesson_06\trainingframework\debug-nvidia\vc142.idb
d:\gameloft\programming_lesson_06\trainingframework\debug-nvidia\player.obj
d:\gameloft\programming_lesson_06\trainingframework\debug-nvidia\score.obj
d:\gameloft\programming_lesson_06\trainingframework\debug-nvidia\sprite2d.obj
d:\gameloft\programming_lesson_06\trainingframework\debug-nvidia\camera.obj
d:\gameloft\programming_lesson_06\trainingframework\debug-nvidia\sprite3d.obj
d:\gameloft\programming_lesson_06\trainingframework\debug-nvidia\models.obj
d:\gameloft\programming_lesson_06\trainingframework\debug-nvidia\shaders.obj
d:\gameloft\programming_lesson_06\trainingframework\debug-nvidia\text.obj
d:\gameloft\programming_lesson_06\trainingframework\debug-nvidia\texture.obj
d:\gameloft\programming_lesson_06\trainingframework\debug-nvidia\gamestatemachine.obj
d:\gameloft\programming_lesson_06\trainingframework\debug-nvidia\gscredit.obj
d:\gameloft\programming_lesson_06\trainingframework\debug-nvidia\gshighscore.obj
d:\gameloft\programming_lesson_06\trainingframework\debug-nvidia\gsintro.obj
d:\gameloft\programming_lesson_06\trainingframework\debug-nvidia\gsmenu.obj
d:\gameloft\programming_lesson_06\trainingframework\debug-nvidia\gsoption.obj
d:\gameloft\programming_lesson_06\trainingframework\debug-nvidia\keyboard.obj
d:\gameloft\programming_lesson_06\trainingframework\debug-nvidia\trainingframework.obj
d:\gameloft\programming_lesson_06\trainingframework\debug-nvidia\application.obj
d:\gameloft\programming_lesson_06\trainingframework\debug-nvidia\resourcemanagers.obj
d:\gameloft\programming_lesson_06\trainingframework\debug-nvidia\animationsprite.obj
d:\gameloft\programming_lesson_06\trainingframework\debug-nvidia\animationspritetype2.obj
d:\gameloft\programming_lesson_06\trainingframework\debug-nvidia\dynamicobject.obj
d:\gameloft\programming_lesson_06\trainingframework\debug-nvidia\font.obj
d:\gameloft\programming_lesson_06\trainingframework\debug-nvidia\gamebutton.obj
d:\gameloft\programming_lesson_06\trainingframework\debug-nvidia\parallelbackground.obj
d:\gameloft\programming_lesson_06\trainingframework\debug-nvidia\object.obj
d:\gameloft\programming_lesson_06\trainingframework\debug-nvidia\staticlayer.obj
d:\gameloft\programming_lesson_06\trainingframework\debug-nvidia\gsplay.obj
d:\gameloft\programming_lesson_06\trainingframework\debug-nvidia\gamestatebase.obj
d:\gameloft\programming_lesson_06\trainingframework\debug-nvidia\statejump.obj
d:\gameloft\programming_lesson_06\trainingframework\debug-nvidia\staterun.obj
d:\gameloft\programming_lesson_06\trainingframework\debug-nvidia\attackcstate.obj
d:\gameloft\programming_lesson_06\trainingframework\debug-nvidia\charater.obj
d:\gameloft\programming_lesson_06\trainingframework\debug-nvidia\dashcstate.obj
d:\gameloft\programming_lesson_06\trainingframework\debug-nvidia\deathcstate.obj
d:\gameloft\programming_lesson_06\trainingframework\debug-nvidia\idlecstate.obj
d:\gameloft\programming_lesson_06\trainingframework\debug-nvidia\jumpcstate.obj
d:\gameloft\programming_lesson_06\trainingframework\debug-nvidia\runcstate.obj
d:\gameloft\programming_lesson_06\trainingframework\debug-nvidia\fallcstate.obj
d:\gameloft\programming_lesson_06\trainingframework\debug-nvidia\boss.obj
d:\gameloft\programming_lesson_06\trainingframework\debug-nvidia\jumpbstate.obj
d:\gameloft\programming_lesson_06\trainingframework\debug-nvidia\biteattackbstate.obj
d:\gameloft\programming_lesson_06\trainingframework\debug-nvidia\deathbstate.obj
d:\gameloft\programming_lesson_06\trainingframework\debug-nvidia\fallbstate.obj
d:\gameloft\programming_lesson_06\trainingframework\debug-nvidia\hurtbstate.obj
d:\gameloft\programming_lesson_06\trainingframework\debug-nvidia\idlebstate.obj
d:\gameloft\programming_lesson_06\trainingframework\debug-nvidia\jumpbitebstate.obj
d:\gameloft\programming_lesson_06\trainingframework\debug-nvidia\posionattackbstate.obj
c:\users\e7490\documents\github\gameloftgamec\trainingframework\debug-nvidia\vc142.pdb
c:\users\e7490\documents\github\gameloftgamec\trainingframework\debug-nvidia\vc142.idb
c:\users\e7490\documents\github\gameloftgamec\trainingframework\debug-nvidia\player.obj
c:\users\e7490\documents\github\gameloftgamec\trainingframework\debug-nvidia\staticlayer.obj
c:\users\e7490\documents\github\gameloftgamec\trainingframework\debug-nvidia\score.obj
c:\users\e7490\documents\github\gameloftgamec\trainingframework\debug-nvidia\sprite2d.obj
c:\users\e7490\documents\github\gameloftgamec\trainingframework\debug-nvidia\camera.obj
c:\users\e7490\documents\github\gameloftgamec\trainingframework\debug-nvidia\sprite3d.obj
c:\users\e7490\documents\github\gameloftgamec\trainingframework\debug-nvidia\models.obj
c:\users\e7490\documents\github\gameloftgamec\trainingframework\debug-nvidia\shaders.obj
c:\users\e7490\documents\github\gameloftgamec\trainingframework\debug-nvidia\text.obj
c:\users\e7490\documents\github\gameloftgamec\trainingframework\debug-nvidia\texture.obj
c:\users\e7490\documents\github\gameloftgamec\trainingframework\debug-nvidia\gamestatebase.obj
c:\users\e7490\documents\github\gameloftgamec\trainingframework\debug-nvidia\gamestatemachine.obj
c:\users\e7490\documents\github\gameloftgamec\trainingframework\debug-nvidia\gscredit.obj
c:\users\e7490\documents\github\gameloftgamec\trainingframework\debug-nvidia\gshighscore.obj
c:\users\e7490\documents\github\gameloftgamec\trainingframework\debug-nvidia\gsintro.obj
c:\users\e7490\documents\github\gameloftgamec\trainingframework\debug-nvidia\gsmenu.obj
c:\users\e7490\documents\github\gameloftgamec\trainingframework\debug-nvidia\gsoption.obj
c:\users\e7490\documents\github\gameloftgamec\trainingframework\debug-nvidia\gsplay.obj
c:\users\e7490\documents\github\gameloftgamec\trainingframework\debug-nvidia\keyboard.obj
c:\users\e7490\documents\github\gameloftgamec\trainingframework\debug-nvidia\trainingframework.obj
c:\users\e7490\documents\github\gameloftgamec\trainingframework\debug-nvidia\deathbstate.obj
c:\users\e7490\documents\github\gameloftgamec\trainingframework\debug-nvidia\fallbstate.obj
c:\users\e7490\documents\github\gameloftgamec\trainingframework\debug-nvidia\hurtbstate.obj
c:\users\e7490\documents\github\gameloftgamec\trainingframework\debug-nvidia\idlebstate.obj
c:\users\e7490\documents\github\gameloftgamec\trainingframework\debug-nvidia\jumpbitebstate.obj
c:\users\e7490\documents\github\gameloftgamec\trainingframework\debug-nvidia\jumpbstate.obj
c:\users\e7490\documents\github\gameloftgamec\trainingframework\debug-nvidia\posionattackbstate.obj
c:\users\e7490\documents\github\gameloftgamec\trainingframework\debug-nvidia\attackcstate.obj
c:\users\e7490\documents\github\gameloftgamec\trainingframework\debug-nvidia\charater.obj
c:\users\e7490\documents\github\gameloftgamec\trainingframework\debug-nvidia\dashcstate.obj
c:\users\e7490\documents\github\gameloftgamec\trainingframework\debug-nvidia\deathcstate.obj
c:\users\e7490\documents\github\gameloftgamec\trainingframework\debug-nvidia\fallcstate.obj
c:\users\e7490\documents\github\gameloftgamec\trainingframework\debug-nvidia\idlecstate.obj
c:\users\e7490\documents\github\gameloftgamec\trainingframework\debug-nvidia\jumpcstate.obj
c:\users\e7490\documents\github\gameloftgamec\trainingframework\debug-nvidia\runcstate.obj
c:\users\e7490\documents\github\gameloftgamec\trainingframework\debug-nvidia\dynamicobject.obj
c:\users\e7490\documents\github\gameloftgamec\trainingframework\debug-nvidia\font.obj
c:\users\e7490\documents\github\gameloftgamec\trainingframework\debug-nvidia\gamebutton.obj
c:\users\e7490\documents\github\gameloftgamec\trainingframework\debug-nvidia\parallelbackground.obj
c:\users\e7490\documents\github\gameloftgamec\trainingframework\debug-nvidia\object.obj
c:\users\e7490\documents\github\gameloftgamec\trainingframework\debug-nvidia\application.obj
c:\users\e7490\documents\github\gameloftgamec\trainingframework\debug-nvidia\resourcemanagers.obj
c:\users\e7490\documents\github\gameloftgamec\trainingframework\debug-nvidia\animationsprite.obj
c:\users\e7490\documents\github\gameloftgamec\trainingframework\debug-nvidia\biteattackbstate.obj
c:\users\e7490\documents\github\gameloftgamec\trainingframework\debug-nvidia\boss.obj
c:\users\e7490\documents\github\gameloftgamec\trainingframework\debug-nvidia\bullet.obj
c:\users\e7490\documents\github\gameloftgamec\trainingframework\debug-nvidia\managerbullet.obj
d:\gameloft\programming_lesson_06\bin-nvidia\trainingframework.exe
d:\gameloft\programming_lesson_06\bin-nvidia\trainingframework.ilk
d:\gameloft\programming_lesson_06\bin-nvidia\trainingframework.pdb
c:\users\e7490\documents\github\gameloftgamec\trainingframework\debug-nvidia\animationspritetype2.obj
c:\users\e7490\documents\github\gameloftgamec\trainingframework\debug-nvidia\sprite2dsyncpos.obj
c:\users\e7490\documents\github\gameloftgamec\trainingframework\debug-nvidia\statejump.obj
c:\users\e7490\documents\github\gameloftgamec\trainingframework\debug-nvidia\staterun.obj
c:\users\e7490\documents\github\gameloftgamec\\bin-nvidia\trainingframework.pdb
c:\users\e7490\documents\github\gameloftgamec\trainingframework\debug-nvidia\training.fc024ec8.tlog\cl.command.1.tlog
c:\users\e7490\documents\github\gameloftgamec\trainingframework\debug-nvidia\training.fc024ec8.tlog\cl.read.1.tlog
c:\users\e7490\documents\github\gameloftgamec\trainingframework\debug-nvidia\training.fc024ec8.tlog\cl.write.1.tlog
c:\users\e7490\documents\github\gameloftgamec\trainingframework\debug-nvidia\training.fc024ec8.tlog\link-cvtres.read.1.tlog
c:\users\e7490\documents\github\gameloftgamec\trainingframework\debug-nvidia\training.fc024ec8.tlog\link-cvtres.write.1.tlog
c:\users\e7490\documents\github\gameloftgamec\trainingframework\debug-nvidia\training.fc024ec8.tlog\link-rc.read.1.tlog
c:\users\e7490\documents\github\gameloftgamec\trainingframework\debug-nvidia\training.fc024ec8.tlog\link-rc.write.1.tlog
c:\users\e7490\documents\github\gameloftgamec\trainingframework\debug-nvidia\training.fc024ec8.tlog\link.12188.delete.1.tlog
c:\users\e7490\documents\github\gameloftgamec\trainingframework\debug-nvidia\training.fc024ec8.tlog\link.14684.delete.1.tlog
c:\users\e7490\documents\github\gameloftgamec\trainingframework\debug-nvidia\training.fc024ec8.tlog\link.18832.delete.1.tlog
c:\users\e7490\documents\github\gameloftgamec\trainingframework\debug-nvidia\training.fc024ec8.tlog\link.18928.delete.1.tlog
c:\users\e7490\documents\github\gameloftgamec\trainingframework\debug-nvidia\training.fc024ec8.tlog\link.19316.delete.1.tlog
c:\users\e7490\documents\github\gameloftgamec\trainingframework\debug-nvidia\training.fc024ec8.tlog\link.19712.delete.1.tlog
c:\users\e7490\documents\github\gameloftgamec\trainingframework\debug-nvidia\training.fc024ec8.tlog\link.20088.delete.1.tlog
c:\users\e7490\documents\github\gameloftgamec\trainingframework\debug-nvidia\training.fc024ec8.tlog\link.21376.delete.1.tlog
c:\users\e7490\documents\github\gameloftgamec\trainingframework\debug-nvidia\training.fc024ec8.tlog\link.23908.delete.1.tlog
c:\users\e7490\documents\github\gameloftgamec\trainingframework\debug-nvidia\training.fc024ec8.tlog\link.25552.delete.1.tlog
c:\users\e7490\documents\github\gameloftgamec\trainingframework\debug-nvidia\training.fc024ec8.tlog\link.27552.delete.1.tlog
c:\users\e7490\documents\github\gameloftgamec\trainingframework\debug-nvidia\training.fc024ec8.tlog\link.28224.delete.1.tlog
c:\users\e7490\documents\github\gameloftgamec\trainingframework\debug-nvidia\training.fc024ec8.tlog\link.28944.delete.1.tlog
c:\users\e7490\documents\github\gameloftgamec\trainingframework\debug-nvidia\training.fc024ec8.tlog\link.29336.delete.1.tlog
c:\users\e7490\documents\github\gameloftgamec\trainingframework\debug-nvidia\training.fc024ec8.tlog\link.33212.delete.1.tlog
c:\users\e7490\documents\github\gameloftgamec\trainingframework\debug-nvidia\training.fc024ec8.tlog\link.36660.delete.1.tlog
c:\users\e7490\documents\github\gameloftgamec\trainingframework\debug-nvidia\training.fc024ec8.tlog\link.36720.delete.1.tlog
c:\users\e7490\documents\github\gameloftgamec\trainingframework\debug-nvidia\training.fc024ec8.tlog\link.36824.delete.1.tlog
c:\users\e7490\documents\github\gameloftgamec\trainingframework\debug-nvidia\training.fc024ec8.tlog\link.38144-cvtres.read.1.tlog
c:\users\e7490\documents\github\gameloftgamec\trainingframework\debug-nvidia\training.fc024ec8.tlog\link.38144-cvtres.write.1.tlog
c:\users\e7490\documents\github\gameloftgamec\trainingframework\debug-nvidia\training.fc024ec8.tlog\link.38144-rc.read.1.tlog
c:\users\e7490\documents\github\gameloftgamec\trainingframework\debug-nvidia\training.fc024ec8.tlog\link.38144-rc.write.1.tlog
c:\users\e7490\documents\github\gameloftgamec\trainingframework\debug-nvidia\training.fc024ec8.tlog\link.38144.delete.1.tlog
c:\users\e7490\documents\github\gameloftgamec\trainingframework\debug-nvidia\training.fc024ec8.tlog\link.38144.read.1.tlog
c:\users\e7490\documents\github\gameloftgamec\trainingframework\debug-nvidia\training.fc024ec8.tlog\link.38144.write.1.tlog
c:\users\e7490\documents\github\gameloftgamec\trainingframework\debug-nvidia\training.fc024ec8.tlog\link.39840.delete.1.tlog
c:\users\e7490\documents\github\gameloftgamec\trainingframework\debug-nvidia\training.fc024ec8.tlog\link.41108.delete.1.tlog
c:\users\e7490\documents\github\gameloftgamec\trainingframework\debug-nvidia\training.fc024ec8.tlog\link.41532.delete.1.tlog
c:\users\e7490\documents\github\gameloftgamec\trainingframework\debug-nvidia\training.fc024ec8.tlog\link.43576.delete.1.tlog
c:\users\e7490\documents\github\gameloftgamec\trainingframework\debug-nvidia\training.fc024ec8.tlog\link.5600.delete.1.tlog
c:\users\e7490\documents\github\gameloftgamec\trainingframework\debug-nvidia\training.fc024ec8.tlog\link.9636.delete.1.tlog
c:\users\e7490\documents\github\gameloftgamec\trainingframework\debug-nvidia\training.fc024ec8.tlog\link.command.1.tlog
c:\users\e7490\documents\github\gameloftgamec\trainingframework\debug-nvidia\training.fc024ec8.tlog\link.delete.1.tlog
c:\users\e7490\documents\github\gameloftgamec\trainingframework\debug-nvidia\training.fc024ec8.tlog\link.read.1.tlog
c:\users\e7490\documents\github\gameloftgamec\trainingframework\debug-nvidia\training.fc024ec8.tlog\link.write.1.tlog
